2024-10-09T00:01:18.336+03:00  INFO 3044 --- [ametist] [main] com.example.ametist.AmetistApplication   : Starting AmetistApplication using Java 17.0.9 with PID 3044 (C:\Users\ryv26\OneDrive\Рабочий стол\23.09.24 рабочий стол\ametist\target\classes started by ryv26 in C:\Users\ryv26\OneDrive\Рабочий стол\23.09.24 рабочий стол\ametist)
2024-10-09T00:01:18.347+03:00  INFO 3044 --- [ametist] [main] com.example.ametist.AmetistApplication   : No active profile set, falling back to 1 default profile: "default"
2024-10-09T00:01:19.232+03:00  INFO 3044 --- [ametist] [main] .s.d.r.c.RepositoryConfigurationDelegate : Bootstrapping Spring Data JPA repositories in DEFAULT mode.
2024-10-09T00:01:19.319+03:00  INFO 3044 --- [ametist] [main] .s.d.r.c.RepositoryConfigurationDelegate : Finished Spring Data repository scanning in 75 ms. Found 4 JPA repository interfaces.
2024-10-09T00:01:20.313+03:00  INFO 3044 --- [ametist] [main] o.s.b.w.embedded.tomcat.TomcatWebServer  : Tomcat initialized with port 8080 (http)
2024-10-09T00:01:20.328+03:00  INFO 3044 --- [ametist] [main] o.apache.catalina.core.StandardService   : Starting service [Tomcat]
2024-10-09T00:01:20.329+03:00  INFO 3044 --- [ametist] [main] o.apache.catalina.core.StandardEngine    : Starting Servlet engine: [Apache Tomcat/10.1.28]
2024-10-09T00:01:20.417+03:00  INFO 3044 --- [ametist] [main] o.a.c.c.C.[Tomcat].[localhost].[/]       : Initializing Spring embedded WebApplicationContext
2024-10-09T00:01:20.418+03:00  INFO 3044 --- [ametist] [main] w.s.c.ServletWebServerApplicationContext : Root WebApplicationContext: initialization completed in 2005 ms
2024-10-09T00:01:20.548+03:00  INFO 3044 --- [ametist] [main] com.zaxxer.hikari.HikariDataSource       : HikariPool-1 - Starting...
2024-10-09T00:01:20.743+03:00  INFO 3044 --- [ametist] [main] com.zaxxer.hikari.pool.HikariPool        : HikariPool-1 - Added connection conn0: url=jdbc:h2:mem:eb37f811-9408-438d-bbec-cf9565e7fe97 user=SA
2024-10-09T00:01:20.766+03:00  INFO 3044 --- [ametist] [main] com.zaxxer.hikari.HikariDataSource       : HikariPool-1 - Start completed.
2024-10-09T00:01:21.420+03:00  INFO 3044 --- [ametist] [main] o.hibernate.jpa.internal.util.LogHelper  : HHH000204: Processing PersistenceUnitInfo [name: default]
2024-10-09T00:01:21.491+03:00  INFO 3044 --- [ametist] [main] org.hibernate.Version                    : HHH000412: Hibernate ORM core version 6.5.2.Final
2024-10-09T00:01:21.546+03:00  INFO 3044 --- [ametist] [main] o.h.c.internal.RegionFactoryInitiator    : HHH000026: Second-level cache disabled
2024-10-09T00:01:21.916+03:00  INFO 3044 --- [ametist] [main] o.s.o.j.p.SpringPersistenceUnitInfo      : No LoadTimeWeaver setup: ignoring JPA class transformer
2024-10-09T00:01:22.893+03:00  INFO 3044 --- [ametist] [main] o.h.e.t.j.p.i.JtaPlatformInitiator       : HHH000489: No JTA platform available (set 'hibernate.transaction.jta.platform' to enable JTA platform integration)
2024-10-09T00:01:22.950+03:00  INFO 3044 --- [ametist] [main] j.LocalContainerEntityManagerFactoryBean : Initialized JPA EntityManagerFactory for persistence unit 'default'
2024-10-09T00:01:23.393+03:00  INFO 3044 --- [ametist] [main] r$InitializeUserDetailsManagerConfigurer : Global AuthenticationManager configured with UserDetailsService bean with name myUserDetailsService
2024-10-09T00:01:23.439+03:00  WARN 3044 --- [ametist] [main] ConfigServletWebServerApplicationContext : Exception encountered during context initialization - cancelling refresh attempt: org.springframework.beans.factory.UnsatisfiedDependencyException: Error creating bean with name 'environmentController' defined in file [C:\Users\ryv26\OneDrive\Рабочий стол\23.09.24 рабочий стол\ametist\target\classes\com\example\ametist\Controllers\EnvironmentController.class]: Unsatisfied dependency expressed through constructor parameter 0: Error creating bean with name 'my_En_serv' defined in file [C:\Users\ryv26\OneDrive\Рабочий стол\23.09.24 рабочий стол\ametist\target\classes\com\example\ametist\Service\My_En_serv.class]: Unsatisfied dependency expressed through constructor parameter 0: Error creating bean with name 'environmentRepository' defined in com.example.ametist.repositories.EnvironmentRepository defined in @EnableJpaRepositories declared on JpaRepositoriesRegistrar.EnableJpaRepositoriesConfiguration: Could not create query for public abstract java.util.List com.example.ametist.repositories.EnvironmentRepository.findByAuthorId(java.lang.Integer); Reason: Failed to create query for method public abstract java.util.List com.example.ametist.repositories.EnvironmentRepository.findByAuthorId(java.lang.Integer); Could not resolve attribute 'authorId' of 'com.example.ametist.models.Environment'
2024-10-09T00:01:23.445+03:00  INFO 3044 --- [ametist] [main] j.LocalContainerEntityManagerFactoryBean : Closing JPA EntityManagerFactory for persistence unit 'default'
2024-10-09T00:01:23.458+03:00  INFO 3044 --- [ametist] [main] com.zaxxer.hikari.HikariDataSource       : HikariPool-1 - Shutdown initiated...
2024-10-09T00:01:23.462+03:00  INFO 3044 --- [ametist] [main] com.zaxxer.hikari.HikariDataSource       : HikariPool-1 - Shutdown completed.
2024-10-09T00:01:23.464+03:00  INFO 3044 --- [ametist] [main] o.apache.catalina.core.StandardService   : Stopping service [Tomcat]
2024-10-09T00:01:23.478+03:00  INFO 3044 --- [ametist] [main] .s.b.a.l.ConditionEvaluationReportLogger : 

Error starting ApplicationContext. To display the condition evaluation report re-run your application with 'debug' enabled.
2024-10-09T00:01:23.508+03:00 ERROR 3044 --- [ametist] [main] o.s.boot.SpringApplication               : Application run failed

org.springframework.beans.factory.UnsatisfiedDependencyException: Error creating bean with name 'environmentController' defined in file [C:\Users\ryv26\OneDrive\Рабочий стол\23.09.24 рабочий стол\ametist\target\classes\com\example\ametist\Controllers\EnvironmentController.class]: Unsatisfied dependency expressed through constructor parameter 0: Error creating bean with name 'my_En_serv' defined in file [C:\Users\ryv26\OneDrive\Рабочий стол\23.09.24 рабочий стол\ametist\target\classes\com\example\ametist\Service\My_En_serv.class]: Unsatisfied dependency expressed through constructor parameter 0: Error creating bean with name 'environmentRepository' defined in com.example.ametist.repositories.EnvironmentRepository defined in @EnableJpaRepositories declared on JpaRepositoriesRegistrar.EnableJpaRepositoriesConfiguration: Could not create query for public abstract java.util.List com.example.ametist.repositories.EnvironmentRepository.findByAuthorId(java.lang.Integer); Reason: Failed to create query for method public abstract java.util.List com.example.ametist.repositories.EnvironmentRepository.findByAuthorId(java.lang.Integer); Could not resolve attribute 'authorId' of 'com.example.ametist.models.Environment'
	at org.springframework.beans.factory.support.ConstructorResolver.createArgumentArray(ConstructorResolver.java:795) ~[spring-beans-6.1.12.jar:6.1.12]
	at org.springframework.beans.factory.support.ConstructorResolver.autowireConstructor(ConstructorResolver.java:237) ~[spring-beans-6.1.12.jar:6.1.12]
	at org.springframework.beans.factory.support.AbstractAutowireCapableBeanFactory.autowireConstructor(AbstractAutowireCapableBeanFactory.java:1375) ~[spring-beans-6.1.12.jar:6.1.12]
	at org.springframework.beans.factory.support.AbstractAutowireCapableBeanFactory.createBeanInstance(AbstractAutowireCapableBeanFactory.java:1212) ~[spring-beans-6.1.12.jar:6.1.12]
	at org.springframework.beans.factory.support.AbstractAutowireCapableBeanFactory.doCreateBean(AbstractAutowireCapableBeanFactory.java:562) ~[spring-beans-6.1.12.jar:6.1.12]
	at org.springframework.beans.factory.support.AbstractAutowireCapableBeanFactory.createBean(AbstractAutowireCapableBeanFactory.java:522) ~[spring-beans-6.1.12.jar:6.1.12]
	at org.springframework.beans.factory.support.AbstractBeanFactory.lambda$doGetBean$0(AbstractBeanFactory.java:337) ~[spring-beans-6.1.12.jar:6.1.12]
	at org.springframework.beans.factory.support.DefaultSingletonBeanRegistry.getSingleton(DefaultSingletonBeanRegistry.java:234) ~[spring-beans-6.1.12.jar:6.1.12]
	at org.springframework.beans.factory.support.AbstractBeanFactory.doGetBean(AbstractBeanFactory.java:335) ~[spring-beans-6.1.12.jar:6.1.12]
	at org.springframework.beans.factory.support.AbstractBeanFactory.getBean(AbstractBeanFactory.java:200) ~[spring-beans-6.1.12.jar:6.1.12]
	at org.springframework.beans.factory.support.DefaultListableBeanFactory.preInstantiateSingletons(DefaultListableBeanFactory.java:975) ~[spring-beans-6.1.12.jar:6.1.12]
	at org.springframework.context.support.AbstractApplicationContext.finishBeanFactoryInitialization(AbstractApplicationContext.java:971) ~[spring-context-6.1.12.jar:6.1.12]
	at org.springframework.context.support.AbstractApplicationContext.refresh(AbstractApplicationContext.java:625) ~[spring-context-6.1.12.jar:6.1.12]
	at org.springframework.boot.web.servlet.context.ServletWebServerApplicationContext.refresh(ServletWebServerApplicationContext.java:146) ~[spring-boot-3.3.3.jar:3.3.3]
	at org.springframework.boot.SpringApplication.refresh(SpringApplication.java:754) ~[spring-boot-3.3.3.jar:3.3.3]
	at org.springframework.boot.SpringApplication.refreshContext(SpringApplication.java:456) ~[spring-boot-3.3.3.jar:3.3.3]
	at org.springframework.boot.SpringApplication.run(SpringApplication.java:335) ~[spring-boot-3.3.3.jar:3.3.3]
	at org.springframework.boot.SpringApplication.run(SpringApplication.java:1363) ~[spring-boot-3.3.3.jar:3.3.3]
	at org.springframework.boot.SpringApplication.run(SpringApplication.java:1352) ~[spring-boot-3.3.3.jar:3.3.3]
	at com.example.ametist.AmetistApplication.main(AmetistApplication.java:10) ~[classes/:na]
Caused by: org.springframework.beans.factory.UnsatisfiedDependencyException: Error creating bean with name 'my_En_serv' defined in file [C:\Users\ryv26\OneDrive\Рабочий стол\23.09.24 рабочий стол\ametist\target\classes\com\example\ametist\Service\My_En_serv.class]: Unsatisfied dependency expressed through constructor parameter 0: Error creating bean with name 'environmentRepository' defined in com.example.ametist.repositories.EnvironmentRepository defined in @EnableJpaRepositories declared on JpaRepositoriesRegistrar.EnableJpaRepositoriesConfiguration: Could not create query for public abstract java.util.List com.example.ametist.repositories.EnvironmentRepository.findByAuthorId(java.lang.Integer); Reason: Failed to create query for method public abstract java.util.List com.example.ametist.repositories.EnvironmentRepository.findByAuthorId(java.lang.Integer); Could not resolve attribute 'authorId' of 'com.example.ametist.models.Environment'
	at org.springframework.beans.factory.support.ConstructorResolver.createArgumentArray(ConstructorResolver.java:795) ~[spring-beans-6.1.12.jar:6.1.12]
	at org.springframework.beans.factory.support.ConstructorResolver.autowireConstructor(ConstructorResolver.java:237) ~[spring-beans-6.1.12.jar:6.1.12]
	at org.springframework.beans.factory.support.AbstractAutowireCapableBeanFactory.autowireConstructor(AbstractAutowireCapableBeanFactory.java:1375) ~[spring-beans-6.1.12.jar:6.1.12]
	at org.springframework.beans.factory.support.AbstractAutowireCapableBeanFactory.createBeanInstance(AbstractAutowireCapableBeanFactory.java:1212) ~[spring-beans-6.1.12.jar:6.1.12]
	at org.springframework.beans.factory.support.AbstractAutowireCapableBeanFactory.doCreateBean(AbstractAutowireCapableBeanFactory.java:562) ~[spring-beans-6.1.12.jar:6.1.12]
	at org.springframework.beans.factory.support.AbstractAutowireCapableBeanFactory.createBean(AbstractAutowireCapableBeanFactory.java:522) ~[spring-beans-6.1.12.jar:6.1.12]
	at org.springframework.beans.factory.support.AbstractBeanFactory.lambda$doGetBean$0(AbstractBeanFactory.java:337) ~[spring-beans-6.1.12.jar:6.1.12]
	at org.springframework.beans.factory.support.DefaultSingletonBeanRegistry.getSingleton(DefaultSingletonBeanRegistry.java:234) ~[spring-beans-6.1.12.jar:6.1.12]
	at org.springframework.beans.factory.support.AbstractBeanFactory.doGetBean(AbstractBeanFactory.java:335) ~[spring-beans-6.1.12.jar:6.1.12]
	at org.springframework.beans.factory.support.AbstractBeanFactory.getBean(AbstractBeanFactory.java:200) ~[spring-beans-6.1.12.jar:6.1.12]
	at org.springframework.beans.factory.config.DependencyDescriptor.resolveCandidate(DependencyDescriptor.java:254) ~[spring-beans-6.1.12.jar:6.1.12]
	at org.springframework.beans.factory.support.DefaultListableBeanFactory.doResolveDependency(DefaultListableBeanFactory.java:1443) ~[spring-beans-6.1.12.jar:6.1.12]
	at org.springframework.beans.factory.support.DefaultListableBeanFactory.resolveDependency(DefaultListableBeanFactory.java:1353) ~[spring-beans-6.1.12.jar:6.1.12]
	at org.springframework.beans.factory.support.ConstructorResolver.resolveAutowiredArgument(ConstructorResolver.java:904) ~[spring-beans-6.1.12.jar:6.1.12]
	at org.springframework.beans.factory.support.ConstructorResolver.createArgumentArray(ConstructorResolver.java:782) ~[spring-beans-6.1.12.jar:6.1.12]
	... 19 common frames omitted
Caused by: org.springframework.beans.factory.BeanCreationException: Error creating bean with name 'environmentRepository' defined in com.example.ametist.repositories.EnvironmentRepository defined in @EnableJpaRepositories declared on JpaRepositoriesRegistrar.EnableJpaRepositoriesConfiguration: Could not create query for public abstract java.util.List com.example.ametist.repositories.EnvironmentRepository.findByAuthorId(java.lang.Integer); Reason: Failed to create query for method public abstract java.util.List com.example.ametist.repositories.EnvironmentRepository.findByAuthorId(java.lang.Integer); Could not resolve attribute 'authorId' of 'com.example.ametist.models.Environment'
	at org.springframework.beans.factory.support.AbstractAutowireCapableBeanFactory.initializeBean(AbstractAutowireCapableBeanFactory.java:1806) ~[spring-beans-6.1.12.jar:6.1.12]
	at org.springframework.beans.factory.support.AbstractAutowireCapableBeanFactory.doCreateBean(AbstractAutowireCapableBeanFactory.java:600) ~[spring-beans-6.1.12.jar:6.1.12]
	at org.springframework.beans.factory.support.AbstractAutowireCapableBeanFactory.createBean(AbstractAutowireCapableBeanFactory.java:522) ~[spring-beans-6.1.12.jar:6.1.12]
	at org.springframework.beans.factory.support.AbstractBeanFactory.lambda$doGetBean$0(AbstractBeanFactory.java:337) ~[spring-beans-6.1.12.jar:6.1.12]
	at org.springframework.beans.factory.support.DefaultSingletonBeanRegistry.getSingleton(DefaultSingletonBeanRegistry.java:234) ~[spring-beans-6.1.12.jar:6.1.12]
	at org.springframework.beans.factory.support.AbstractBeanFactory.doGetBean(AbstractBeanFactory.java:335) ~[spring-beans-6.1.12.jar:6.1.12]
	at org.springframework.beans.factory.support.AbstractBeanFactory.getBean(AbstractBeanFactory.java:200) ~[spring-beans-6.1.12.jar:6.1.12]
	at org.springframework.beans.factory.config.DependencyDescriptor.resolveCandidate(DependencyDescriptor.java:254) ~[spring-beans-6.1.12.jar:6.1.12]
	at org.springframework.beans.factory.support.DefaultListableBeanFactory.doResolveDependency(DefaultListableBeanFactory.java:1443) ~[spring-beans-6.1.12.jar:6.1.12]
	at org.springframework.beans.factory.support.DefaultListableBeanFactory.resolveDependency(DefaultListableBeanFactory.java:1353) ~[spring-beans-6.1.12.jar:6.1.12]
	at org.springframework.beans.factory.support.ConstructorResolver.resolveAutowiredArgument(ConstructorResolver.java:904) ~[spring-beans-6.1.12.jar:6.1.12]
	at org.springframework.beans.factory.support.ConstructorResolver.createArgumentArray(ConstructorResolver.java:782) ~[spring-beans-6.1.12.jar:6.1.12]
	... 33 common frames omitted
Caused by: org.springframework.data.repository.query.QueryCreationException: Could not create query for public abstract java.util.List com.example.ametist.repositories.EnvironmentRepository.findByAuthorId(java.lang.Integer); Reason: Failed to create query for method public abstract java.util.List com.example.ametist.repositories.EnvironmentRepository.findByAuthorId(java.lang.Integer); Could not resolve attribute 'authorId' of 'com.example.ametist.models.Environment'
	at org.springframework.data.repository.query.QueryCreationException.create(QueryCreationException.java:101) ~[spring-data-commons-3.3.3.jar:3.3.3]
	at org.springframework.data.repository.core.support.QueryExecutorMethodInterceptor.lookupQuery(QueryExecutorMethodInterceptor.java:119) ~[spring-data-commons-3.3.3.jar:3.3.3]
	at org.springframework.data.repository.core.support.QueryExecutorMethodInterceptor.mapMethodsToQuery(QueryExecutorMethodInterceptor.java:103) ~[spring-data-commons-3.3.3.jar:3.3.3]
	at org.springframework.data.repository.core.support.QueryExecutorMethodInterceptor.lambda$new$0(QueryExecutorMethodInterceptor.java:92) ~[spring-data-commons-3.3.3.jar:3.3.3]
	at java.base/java.util.Optional.map(Optional.java:260) ~[na:na]
	at org.springframework.data.repository.core.support.QueryExecutorMethodInterceptor.<init>(QueryExecutorMethodInterceptor.java:92) ~[spring-data-commons-3.3.3.jar:3.3.3]
	at org.springframework.data.repository.core.support.RepositoryFactorySupport.getRepository(RepositoryFactorySupport.java:357) ~[spring-data-commons-3.3.3.jar:3.3.3]
	at org.springframework.data.repository.core.support.RepositoryFactoryBeanSupport.lambda$afterPropertiesSet$5(RepositoryFactoryBeanSupport.java:286) ~[spring-data-commons-3.3.3.jar:3.3.3]
	at org.springframework.data.util.Lazy.getNullable(Lazy.java:135) ~[spring-data-commons-3.3.3.jar:3.3.3]
	at org.springframework.data.util.Lazy.get(Lazy.java:113) ~[spring-data-commons-3.3.3.jar:3.3.3]
	at org.springframework.data.repository.core.support.RepositoryFactoryBeanSupport.afterPropertiesSet(RepositoryFactoryBeanSupport.java:292) ~[spring-data-commons-3.3.3.jar:3.3.3]
	at org.springframework.data.jpa.repository.support.JpaRepositoryFactoryBean.afterPropertiesSet(JpaRepositoryFactoryBean.java:132) ~[spring-data-jpa-3.3.3.jar:3.3.3]
	at org.springframework.beans.factory.support.AbstractAutowireCapableBeanFactory.invokeInitMethods(AbstractAutowireCapableBeanFactory.java:1853) ~[spring-beans-6.1.12.jar:6.1.12]
	at org.springframework.beans.factory.support.AbstractAutowireCapableBeanFactory.initializeBean(AbstractAutowireCapableBeanFactory.java:1802) ~[spring-beans-6.1.12.jar:6.1.12]
	... 44 common frames omitted
Caused by: java.lang.IllegalArgumentException: Failed to create query for method public abstract java.util.List com.example.ametist.repositories.EnvironmentRepository.findByAuthorId(java.lang.Integer); Could not resolve attribute 'authorId' of 'com.example.ametist.models.Environment'
	at org.springframework.data.jpa.repository.query.PartTreeJpaQuery.<init>(PartTreeJpaQuery.java:107) ~[spring-data-jpa-3.3.3.jar:3.3.3]
	at org.springframework.data.jpa.repository.query.JpaQueryLookupStrategy$CreateQueryLookupStrategy.resolveQuery(JpaQueryLookupStrategy.java:124) ~[spring-data-jpa-3.3.3.jar:3.3.3]
	at org.springframework.data.jpa.repository.query.JpaQueryLookupStrategy$CreateIfNotFoundQueryLookupStrategy.resolveQuery(JpaQueryLookupStrategy.java:258) ~[spring-data-jpa-3.3.3.jar:3.3.3]
	at org.springframework.data.jpa.repository.query.JpaQueryLookupStrategy$AbstractQueryLookupStrategy.resolveQuery(JpaQueryLookupStrategy.java:95) ~[spring-data-jpa-3.3.3.jar:3.3.3]
	at org.springframework.data.repository.core.support.QueryExecutorMethodInterceptor.lookupQuery(QueryExecutorMethodInterceptor.java:115) ~[spring-data-commons-3.3.3.jar:3.3.3]
	... 56 common frames omitted
Caused by: org.hibernate.query.sqm.PathElementException: Could not resolve attribute 'authorId' of 'com.example.ametist.models.Environment'
	at org.hibernate.query.sqm.SqmPathSource.getSubPathSource(SqmPathSource.java:95) ~[hibernate-core-6.5.2.Final.jar:6.5.2.Final]
	at org.hibernate.query.sqm.tree.domain.AbstractSqmPath.get(AbstractSqmPath.java:196) ~[hibernate-core-6.5.2.Final.jar:6.5.2.Final]
	at org.hibernate.query.sqm.tree.domain.AbstractSqmPath.get(AbstractSqmPath.java:42) ~[hibernate-core-6.5.2.Final.jar:6.5.2.Final]
	at org.springframework.data.jpa.repository.query.QueryUtils.getModelForPath(QueryUtils.java:978) ~[spring-data-jpa-3.3.3.jar:3.3.3]
	at org.springframework.data.jpa.repository.query.QueryUtils.requiresOuterJoin(QueryUtils.java:835) ~[spring-data-jpa-3.3.3.jar:3.3.3]
	at org.springframework.data.jpa.repository.query.QueryUtils.toExpressionRecursively(QueryUtils.java:790) ~[spring-data-jpa-3.3.3.jar:3.3.3]
	at org.springframework.data.jpa.repository.query.QueryUtils.toExpressionRecursively(QueryUtils.java:769) ~[spring-data-jpa-3.3.3.jar:3.3.3]
	at org.springframework.data.jpa.repository.query.QueryUtils.toExpressionRecursively(QueryUtils.java:765) ~[spring-data-jpa-3.3.3.jar:3.3.3]
	at org.springframework.data.jpa.repository.query.JpaQueryCreator$PredicateBuilder.getTypedPath(JpaQueryCreator.java:387) ~[spring-data-jpa-3.3.3.jar:3.3.3]
	at org.springframework.data.jpa.repository.query.JpaQueryCreator$PredicateBuilder.build(JpaQueryCreator.java:310) ~[spring-data-jpa-3.3.3.jar:3.3.3]
	at org.springframework.data.jpa.repository.query.JpaQueryCreator.toPredicate(JpaQueryCreator.java:210) ~[spring-data-jpa-3.3.3.jar:3.3.3]
	at org.springframework.data.jpa.repository.query.JpaQueryCreator.create(JpaQueryCreator.java:121) ~[spring-data-jpa-3.3.3.jar:3.3.3]
	at org.springframework.data.jpa.repository.query.JpaQueryCreator.create(JpaQueryCreator.java:1) ~[spring-data-jpa-3.3.3.jar:3.3.3]
	at org.springframework.data.repository.query.parser.AbstractQueryCreator.createCriteria(AbstractQueryCreator.java:119) ~[spring-data-commons-3.3.3.jar:3.3.3]
	at org.springframework.data.repository.query.parser.AbstractQueryCreator.createQuery(AbstractQueryCreator.java:95) ~[spring-data-commons-3.3.3.jar:3.3.3]
	at org.springframework.data.repository.query.parser.AbstractQueryCreator.createQuery(AbstractQueryCreator.java:81) ~[spring-data-commons-3.3.3.jar:3.3.3]
	at org.springframework.data.jpa.repository.query.PartTreeJpaQuery$QueryPreparer.<init>(PartTreeJpaQuery.java:224) ~[spring-data-jpa-3.3.3.jar:3.3.3]
	at org.springframework.data.jpa.repository.query.PartTreeJpaQuery$CountQueryPreparer.<init>(PartTreeJpaQuery.java:370) ~[spring-data-jpa-3.3.3.jar:3.3.3]
	at org.springframework.data.jpa.repository.query.PartTreeJpaQuery.<init>(PartTreeJpaQuery.java:103) ~[spring-data-jpa-3.3.3.jar:3.3.3]
	... 60 common frames omitted

2024-10-09T00:15:32.375+03:00  INFO 34744 --- [ametist] [main] com.example.ametist.AmetistApplication   : Starting AmetistApplication using Java 17.0.9 with PID 34744 (C:\Users\ryv26\OneDrive\Рабочий стол\23.09.24 рабочий стол\ametist\target\classes started by ryv26 in C:\Users\ryv26\OneDrive\Рабочий стол\23.09.24 рабочий стол\ametist)
2024-10-09T00:15:32.379+03:00  INFO 34744 --- [ametist] [main] com.example.ametist.AmetistApplication   : No active profile set, falling back to 1 default profile: "default"
2024-10-09T00:15:33.305+03:00  INFO 34744 --- [ametist] [main] .s.d.r.c.RepositoryConfigurationDelegate : Bootstrapping Spring Data JPA repositories in DEFAULT mode.
2024-10-09T00:15:33.394+03:00  INFO 34744 --- [ametist] [main] .s.d.r.c.RepositoryConfigurationDelegate : Finished Spring Data repository scanning in 77 ms. Found 4 JPA repository interfaces.
2024-10-09T00:15:34.162+03:00  INFO 34744 --- [ametist] [main] o.s.b.w.embedded.tomcat.TomcatWebServer  : Tomcat initialized with port 8080 (http)
2024-10-09T00:15:34.186+03:00  INFO 34744 --- [ametist] [main] o.apache.catalina.core.StandardService   : Starting service [Tomcat]
2024-10-09T00:15:34.187+03:00  INFO 34744 --- [ametist] [main] o.apache.catalina.core.StandardEngine    : Starting Servlet engine: [Apache Tomcat/10.1.28]
2024-10-09T00:15:34.285+03:00  INFO 34744 --- [ametist] [main] o.a.c.c.C.[Tomcat].[localhost].[/]       : Initializing Spring embedded WebApplicationContext
2024-10-09T00:15:34.286+03:00  INFO 34744 --- [ametist] [main] w.s.c.ServletWebServerApplicationContext : Root WebApplicationContext: initialization completed in 1856 ms
2024-10-09T00:15:34.441+03:00  INFO 34744 --- [ametist] [main] com.zaxxer.hikari.HikariDataSource       : HikariPool-1 - Starting...
2024-10-09T00:15:34.634+03:00  INFO 34744 --- [ametist] [main] com.zaxxer.hikari.pool.HikariPool        : HikariPool-1 - Added connection conn0: url=jdbc:h2:mem:a2e5fcb3-c455-46ae-9160-b3d4580f5cdd user=SA
2024-10-09T00:15:34.637+03:00  INFO 34744 --- [ametist] [main] com.zaxxer.hikari.HikariDataSource       : HikariPool-1 - Start completed.
2024-10-09T00:15:34.705+03:00  INFO 34744 --- [ametist] [main] o.hibernate.jpa.internal.util.LogHelper  : HHH000204: Processing PersistenceUnitInfo [name: default]
2024-10-09T00:15:34.766+03:00  INFO 34744 --- [ametist] [main] org.hibernate.Version                    : HHH000412: Hibernate ORM core version 6.5.2.Final
2024-10-09T00:15:34.812+03:00  INFO 34744 --- [ametist] [main] o.h.c.internal.RegionFactoryInitiator    : HHH000026: Second-level cache disabled
2024-10-09T00:15:35.179+03:00  INFO 34744 --- [ametist] [main] o.s.o.j.p.SpringPersistenceUnitInfo      : No LoadTimeWeaver setup: ignoring JPA class transformer
2024-10-09T00:15:36.220+03:00  INFO 34744 --- [ametist] [main] o.h.e.t.j.p.i.JtaPlatformInitiator       : HHH000489: No JTA platform available (set 'hibernate.transaction.jta.platform' to enable JTA platform integration)
2024-10-09T00:15:36.277+03:00  INFO 34744 --- [ametist] [main] j.LocalContainerEntityManagerFactoryBean : Initialized JPA EntityManagerFactory for persistence unit 'default'
2024-10-09T00:15:36.694+03:00  INFO 34744 --- [ametist] [main] r$InitializeUserDetailsManagerConfigurer : Global AuthenticationManager configured with UserDetailsService bean with name myUserDetailsService
2024-10-09T00:15:36.775+03:00  WARN 34744 --- [ametist] [main] JpaBaseConfiguration$JpaWebConfiguration : spring.jpa.open-in-view is enabled by default. Therefore, database queries may be performed during view rendering. Explicitly configure spring.jpa.open-in-view to disable this warning
2024-10-09T00:15:37.290+03:00  INFO 34744 --- [ametist] [main] o.s.b.w.embedded.tomcat.TomcatWebServer  : Tomcat started on port 8080 (http) with context path '/'
2024-10-09T00:15:37.301+03:00  INFO 34744 --- [ametist] [main] com.example.ametist.AmetistApplication   : Started AmetistApplication in 5.346 seconds (process running for 5.673)
2024-10-09T00:15:44.602+03:00  INFO 34744 --- [ametist] [http-nio-8080-exec-1] o.a.c.c.C.[Tomcat].[localhost].[/]       : Initializing Spring DispatcherServlet 'dispatcherServlet'
2024-10-09T00:15:44.604+03:00  INFO 34744 --- [ametist] [http-nio-8080-exec-1] o.s.web.servlet.DispatcherServlet        : Initializing Servlet 'dispatcherServlet'
2024-10-09T00:15:44.606+03:00  INFO 34744 --- [ametist] [http-nio-8080-exec-1] o.s.web.servlet.DispatcherServlet        : Completed initialization in 1 ms
